
LEAST-SQUARE METHODS TO ESTIMATE RATES AND DATES - v.2.4 


Input files:
  i                                               Input tree file : /home/azhukova/projects/bdpn/hiv_b_uk/data/rooted_raxml.nwk
  d                                               Input date file : /home/azhukova/projects/bdpn/hiv_b_uk/data/lsd2.4.dates
  p                                                Partition file : No
  g                                               Given outgroups : No
Output file:
  o                                                  Output file  : /home/azhukova/projects/bdpn/hiv_b_uk/data/timetree.4.lsd2.wd
Parameters:
  a                                                     Root date : No
  z                                                     Tips date : No
  c                                              With constraints : Yes
  t                                      Lower bound for the rate : 1e-10
  v                                                With variances : Yes, use variances based on input branch lengths
  b                              Adjusted parameter for variances : To estimate
  r                                             Estimate the root : No
  w                                       Given substitution rate : No
  n                                             Multiple data set : No
  f                                  Compute confidence intervals : No
  e                                          Exclude outlier tips : Yes, detect and exclude outliers from the analysis
  m                   Number of sampling nodes to detect outliers : 20000
  e                       The Zscore threshold to detect outliers : 3
  u                Min internal branch length of time scaled tree : 0.00273973
  U                Min external branch length of time scaled tree : 0
  l                        Collapsed internal branch length limit : 0
  D                                            Output date format : Based on input date format
  E  Estimate rates for external and internal branches separately : No

  h to print Help 
  y to accept or type a letter to change an option (x = Exit) 
Tree 1 
Parameter to adjust variances was set to 0.006147 (settable via option -b)
Minimum branch length of time scaled tree (settable via option -u and -U): 0.00273973

*RESULTS:
- The input dates associated with the following 933 nodes are considered as
 outliers, so those nodes were removed from the analysis:
 16720 60443 2232 37462 72264 25892 86095 33458 29884 80941 51638 32793 67280 52596 65671 13087 30039 52278 12428 1259 11356 15659 28852 71865 81521 30094 59605 63156 41638 49316 4563 60678 87423 75288 37062 58458 65837 3201 22552 79325 6310 51871 34454 27055 8744 86818 55555 10352 86949 64739 48687 83223 59095 52913 67958 79965 2584 17910 28070 69801 57364 9860 86069 706 38333 84810 11735 14598 29915 67270 65524 86721 20062 41219 57909 36742 39579 54014 76711 24011 8959 62724 80308 18026 47046 5063 40047 62208 77880 47350 787 44107 4340 5629 51941 43893 34038 22352 55867 19369 76157 25997 87741 69894 51703 46242 64804 64809 42201 40319 34190 67108 19651 70232 25988 74457 10902 53832 77664 50352 23289 44324 59859 55606 4814 61667 22727 73955 68 37800 79300 6519 40445 12269 77569 70497 79376 85370 39264 15834 27854 86485 18993 72519 21650 14695 11151 42800 85836 54338 59151 26272 12169 55449 13547 37990 87884 1279 55987 28978 30025 68149 38278 84851 29101 86408 60387 85185 36843 35325 3385 22229 16046 83667 48983 12022 77259 10939 82636 54996 49831 24837 9267 73477 85752 45780 7711 1409 18070 23596 30021 7197 61328 75192 57435 35533 15618 64765 72564 10348 7917 8606 44858 4299 37047 49373 34590 1872 17279 83272 32693 75809 54119 55792 38855 18685 83686 33515 54455 28850 63399 5223 61878 43813 21309 51398 31817 37330 12847 85565 36630 53955 66476 70958 69415 1229 57470 8242 33183 54877 9451 50543 40354 79820 24736 59882 50690 30628 53341 29063 46000 70513 23945 38874 34034 42739 81679 74482 43332 68507 65194 59861 71962 18834 22042 50356 1798 48059 85437 25521 1224 47878 32755 51045 62385 41650 81198 56092 39431 80568 23258 51863 49083 47717 53253 27401 67138 84141 32130 64245 12126 5072 68725 65725 11362 33400 69042 27011 3206 53579 104 79544 67127 7845 41026 11641 36990 70172 10411 56182 12278 71464 36741 84384 9219 774 25760 40721 7436 41567 28423 28792 71027 14497 45441 58419 41105 10228 7178 46620 4405 32072 36935 82058 17322 76403 24287 40291 43591 72744 12081 87587 76074 67224 25642 20031 26092 56145 27916 84227 56054 72894 59175 35018 82667 14424 34670 85912 4751 81464 52884 52572 27972 14908 58662 78525 59898 68238 46840 32712 82901 19016 68533 26076 8677 5884 49237 84625 52052 44132 2828 25626 85639 48810 21982 59611 8207 46033 85190 31952 1102 26312 69781 28121 42724 80185 55711 27278 12598 41937 17471 60849 42830 14761 78337 87406 16791 3137 3111 44292 59731 3713 50466 46209 48719 16049 11568 49825 3716 84776 81367 81405 86240 41806 18578 17727 62833 63852 67802 51236 54749 72995 71376 33363 64446 36648 86847 31134 59534 54681 80852 10737 45305 86035 48421 4355 14289 23976 17808 71115 62379 78790 42661 75779 64110 67589 80632 81848 35295 54063 79856 32009 63407 25251 7431 62416 44854 1583 68563 43551 25386 76860 52995 28630 15937 38386 48701 41148 26544 66388 586 42703 87570 85171 63415 17197 15014 22808 13971 49510 87006 72229 63281 78513 86974 18901 13229 83657 66936 79061 5165 66291 86631 76188 9328 72884 34742 11115 56309 63197 61398 75606 16903 82335 324 6234 19569 64881 30324 34358 79299 17896 55115 56607 7896 43926 24579 70082 84401 10840 87032 43319 4437 58970 9700 55705 58731 20574 2172 8106 55845 75580 61346 84409 74851 49188 74315 22429 52469 13717 20369 18273 38654 63110 68225 3120 47486 4778 33415 21769 72210 43226 28273 35656 22691 4243 32396 54231 70924 11202 53323 80090 66311 17454 1958 57953 23466 72701 32291 10198 77862 39974 7243 16213 53257 33821 30054 78074 61612 45240 68545 64246 70476 9889 5897 21099 77305 13349 66274 2836 84062 48647 74241 45882 77637 60786 80248 72266 11593 10835 44796 31140 26038 31577 33215 23016 59004 73032 86366 42092 71709 10295 36291 73605 41410 83697 81496 12433 6306 49132 54450 34237 41306 25128 56235 84045 55337 12876 9027 40509 21139 19895 80438 38633 68594 48961 3735 78845 35260 21677 80481 73897 45793 11501 64109 43891 79685 37926 24497 79359 38704 86734 10123 8551 67830 82783 18370 30082 35891 9392 22097 33784 6421 29623 71087 73813 65708 27618 66208 87330 1682 58858 63021 63475 57459 13654 47597 42504 72826 40321 23380 38220 10551 1075 2415 46061 51744 43217 44827 22934 32336 73228 47340 86415 19587 52312 75468 33578 50558 45853 72827 7455 58891 17098 19170 70525 82512 32544 41132 73880 37016 61003 24425 26732 63801 82848 80921 12113 61716 13649 71990 12973 31379 53968 45724 75047 71219 52515 61055 75557 54741 79107 66033 435 72873 83813 34254 77218 32943 26222 33635 48608 39643 2936 83129 17077 15683 87019 67184 49273 28655 68574 12948 23161 11504 39985 73455 18919 23450 21826 86428 70042 70052 3671 80870 6717 23740 32789 1641 1320 16038 66379 9798 43784 47510 51596 38524 72522 87988 20657 64914 9209 84269 78241 13766 64831 50548 1202 71918 71149 57816 7283 25583 58849 50854 6974 25741 74171 40107 56129 61368 1625 41175 37451 19022 59091 26708 14465 41374 32259 24012 12311 77871 67644 16003 78757 59559 49951 72515 7729 40907 1515 82504 55574 49515 22183 84933 64995 54783 30179 85217 58684 19897 18501 46115 68892 26302 30560 44579 27077 21555 55430 87846 9846 75867 61151 68022 56408 26804 58056 75241 26175 5353 21344 52632 27235 17612 12214 87062 13399 50284 10080 57114 83687 20203 26502 8858 18564 66502 24555 81073 68857 64894 52261 76315 74007 626 51270 31218 65377 51956 28934 61955 66285 25045 10722 65814 86646 35208 1263 10248 21165 84705 60568 65956 782 34357 42541 75960 70945 46684 66674 1035 11751 79037 61902 18397 65171 51535 37058 68677 83109 23915 52120 81993 78191 36632 65830 60601 12197 18056 21233 35981
- Dating results:
 rate 0.00179142, tMRCA 1962.82 , objective function 162.484

*********************************************************

TOTAL ELAPSED TIME: 397.661 seconds
